Using pre-set license
Built from '2020.3/staging' branch; Version is '2020.3.20f1 (41c4e627c95f) revision 4310246'; Using compiler version '192528614'; Build Type 'Release'
OS: 'Windows 10 Pro; OS build 19043.1288; Version 2009; 64bit' Language: 'ru' Physical Memory: 14273 MB
BatchMode: 1, IsHumanControllingUs: 0, StartBugReporterOnCrash: 0, Is64bit: 1, IsPro: 0

COMMAND LINE ARGUMENTS:
C:\Program Files\Unity\Hub\Editor\2020.3.20f1\Editor\Unity.exe
-adb2
-batchMode
-noUpm
-name
AssetImportWorker0
-projectPath
D:/GitHub/Extinguish_fire
-logFile
Logs/AssetImportWorker0.log
-srvPort
50222
Successfully changed project path to: D:/GitHub/Extinguish_fire
D:/GitHub/Extinguish_fire
Using Asset Import Pipeline V2.
Refreshing native plugins compatible for Editor in 44.16 ms, found 2 plugins.
Preloading 0 native plugins for Editor in 0.00 ms.
Initialize engine version: 2020.3.20f1 (41c4e627c95f)
[Subsystems] Discovering subsystems at path C:/Program Files/Unity/Hub/Editor/2020.3.20f1/Editor/Data/Resources/UnitySubsystems
[Subsystems] Discovering subsystems at path D:/GitHub/Extinguish_fire/Assets
GfxDevice: creating device client; threaded=0
Direct3D:
    Version:  Direct3D 11.0 [level 11.1]
    Renderer: NVIDIA GeForce GTX 1650 (ID=0x1f99)
    Vendor:   
    VRAM:     3965 MB
    Driver:   30.0.14.7239
Initialize mono
Mono path[0] = 'C:/Program Files/Unity/Hub/Editor/2020.3.20f1/Editor/Data/Managed'
Mono path[1] = 'C:/Program Files/Unity/Hub/Editor/2020.3.20f1/Editor/Data/MonoBleedingEdge/lib/mono/unityjit'
Mono config path = 'C:/Program Files/Unity/Hub/Editor/2020.3.20f1/Editor/Data/MonoBleedingEdge/etc'
Using monoOptions --debugger-agent=transport=dt_socket,embedding=1,server=y,suspend=n,address=127.0.0.1:56456
Begin MonoManager ReloadAssembly
Registering precompiled unity dll's ...
Register platform support module: C:/Program Files/Unity/Hub/Editor/2020.3.20f1/Editor/Data/PlaybackEngines/WebGLSupport/UnityEditor.WebGL.Extensions.dll
Register platform support module: C:/Program Files/Unity/Hub/Editor/2020.3.20f1/Editor/Data/PlaybackEngines/WindowsStandaloneSupport/UnityEditor.WindowsStandalone.Extensions.dll
Registered in 0.002603 seconds.
Native extension for WindowsStandalone target not found
Native extension for WebGL target not found
Refreshing native plugins compatible for Editor in 43.17 ms, found 2 plugins.
Preloading 0 native plugins for Editor in 0.00 ms.
Mono: successfully reloaded assembly
- Completed reload, in  2.342 seconds
Domain Reload Profiling:
	ReloadAssembly (2342ms)
		BeginReloadAssembly (70ms)
			ExecutionOrderSort (0ms)
			DisableScriptedObjects (0ms)
			BackupInstance (0ms)
			ReleaseScriptingObjects (0ms)
			CreateAndSetChildDomain (1ms)
		EndReloadAssembly (516ms)
			LoadAssemblies (67ms)
			RebuildTransferFunctionScriptingTraits (0ms)
			SetupTypeCache (192ms)
			ReleaseScriptCaches (0ms)
			RebuildScriptCaches (34ms)
			SetupLoadedEditorAssemblies (203ms)
				LogAssemblyErrors (0ms)
				InitializePlatformSupportModulesInManaged (7ms)
				SetLoadedEditorAssemblies (0ms)
				RefreshPlugins (43ms)
				BeforeProcessingInitializeOnLoad (21ms)
				ProcessInitializeOnLoadAttributes (97ms)
				ProcessInitializeOnLoadMethodAttributes (33ms)
				AfterProcessingInitializeOnLoad (0ms)
				EditorAssembliesLoaded (0ms)
			ExecutionOrderSort2 (0ms)
			AwakeInstancesAfterBackupRestoration (0ms)
Platform modules already initialized, skipping
Registering precompiled user dll's ...
Registered in 0.002137 seconds.
Begin MonoManager ReloadAssembly
Native extension for WindowsStandalone target not found
Native extension for WebGL target not found
Refreshing native plugins compatible for Editor in 0.46 ms, found 2 plugins.
Preloading 0 native plugins for Editor in 0.00 ms.
Mono: successfully reloaded assembly
- Completed reload, in  1.290 seconds
Domain Reload Profiling:
	ReloadAssembly (1291ms)
		BeginReloadAssembly (177ms)
			ExecutionOrderSort (0ms)
			DisableScriptedObjects (5ms)
			BackupInstance (0ms)
			ReleaseScriptingObjects (0ms)
			CreateAndSetChildDomain (25ms)
		EndReloadAssembly (1037ms)
			LoadAssemblies (106ms)
			RebuildTransferFunctionScriptingTraits (0ms)
			SetupTypeCache (347ms)
			ReleaseScriptCaches (1ms)
			RebuildScriptCaches (51ms)
			SetupLoadedEditorAssemblies (425ms)
				LogAssemblyErrors (0ms)
				InitializePlatformSupportModulesInManaged (7ms)
				SetLoadedEditorAssemblies (1ms)
				RefreshPlugins (1ms)
				BeforeProcessingInitializeOnLoad (98ms)
				ProcessInitializeOnLoadAttributes (290ms)
				ProcessInitializeOnLoadMethodAttributes (22ms)
				AfterProcessingInitializeOnLoad (8ms)
				EditorAssembliesLoaded (0ms)
			ExecutionOrderSort2 (0ms)
			AwakeInstancesAfterBackupRestoration (9ms)
Platform modules already initialized, skipping
========================================================================
Worker process is ready to serve import requests
Launched and connected shader compiler UnityShaderCompiler.exe after 0.06 seconds
Refreshing native plugins compatible for Editor in 0.49 ms, found 2 plugins.
Preloading 0 native plugins for Editor in 0.00 ms.
Unloading 1638 Unused Serialized files (Serialized files now loaded: 0)
System memory in use before: 79.9 MB.
System memory in use after: 80.0 MB.

Unloading 20 unused Assets to reduce memory usage. Loaded Objects now: 2077.
Total: 4.212000 ms (FindLiveObjects: 0.237400 ms CreateObjectMapping: 0.054000 ms MarkObjects: 3.822700 ms  DeleteObjects: 0.095400 ms)

AssetImportParameters requested are different than current active one (requested -> active):
  custom:framework-win-MediaFoundation: 216162199b28c13a410421893ffa2e32 -> 
  custom:video-decoder-ogg-theora: a1e56fd34408186e4bbccfd4996cb3dc -> 
  custom:container-muxer-webm: aa71ff27fc2769a1b78a27578f13a17b -> 
  custom:container-demuxer-webm: 4f35f7cbe854078d1ac9338744f61a02 -> 
  custom:container-demuxer-ogg: 62fdf1f143b41e24485cea50d1cbac27 -> 
  custom:video-encoder-webm-vp8: eb34c28f22e8b96e1ab97ce403110664 -> 
  custom:video-decoder-webm-vp8: 9c59270c3fd7afecdb556c50c9e8de78 -> 
  custom:audio-decoder-ogg-vorbis: bf7c407c2cedff20999df2af8eb42d56 -> 
  custom:audio-encoder-webm-vorbis: bf7c407c2cedff20999df2af8eb42d56 -> 
========================================================================
Received Import Request.
  path: Assets/Scenes
  artifactKey: Guid(a9fe720a03f1e5448a8ae3f00bc18b33) Importer(815301076,1909f56bfc062723c751e8b465ee728b)
Start importing Assets/Scenes using Guid(a9fe720a03f1e5448a8ae3f00bc18b33) Importer(815301076,1909f56bfc062723c751e8b465ee728b)  -> (artifact id: '503d04b8465b54a6f6107e76f95138cf') in 0.013718 seconds 
  Import took 0.017495 seconds .

========================================================================
Received Import Request.
  Time since last request: 4.110417 seconds.
  path: Assets/Scenes/Game.unity
  artifactKey: Guid(9fc0d4010bbf28b4594072e72b8655ab) Importer(815301076,1909f56bfc062723c751e8b465ee728b)
Start importing Assets/Scenes/Game.unity using Guid(9fc0d4010bbf28b4594072e72b8655ab) Importer(815301076,1909f56bfc062723c751e8b465ee728b)  -> (artifact id: '1ef8a14092e0f2f532f6feecc586d9d5') in 0.037708 seconds 
  Import took 0.058902 seconds .

========================================================================
Received Import Request.
  Time since last request: 2.335676 seconds.
  path: Assets/Scenes/Main.unity
  artifactKey: Guid(163adec682b5ccd4c8dbb7766c20f3fb) Importer(815301076,1909f56bfc062723c751e8b465ee728b)
Start importing Assets/Scenes/Main.unity using Guid(163adec682b5ccd4c8dbb7766c20f3fb) Importer(815301076,1909f56bfc062723c751e8b465ee728b)  -> (artifact id: 'f0cce18adefe455da1bea7a2110a2499') in 0.316505 seconds 
  Import took 0.819030 seconds .

========================================================================
Received Import Request.
  Time since last request: 13.510412 seconds.
  path: Assets/Scenes/Profiles/DefaultProfile.asset
  artifactKey: Guid(30c76ed8c1bfdec468bc22dee567578c) Importer(815301076,1909f56bfc062723c751e8b465ee728b)
Start importing Assets/Scenes/Profiles/DefaultProfile.asset using Guid(30c76ed8c1bfdec468bc22dee567578c) Importer(815301076,1909f56bfc062723c751e8b465ee728b)  -> (artifact id: '0ab7c3407392fba510f16aa5a797700c') in 0.078650 seconds 
  Import took 0.082922 seconds .

========================================================================
Received Import Request.
  Time since last request: 0.000230 seconds.
  path: Assets/Scenes/Profiles
  artifactKey: Guid(e53f870e0a6f50d4aa774929c7ba3555) Importer(815301076,1909f56bfc062723c751e8b465ee728b)
Start importing Assets/Scenes/Profiles using Guid(e53f870e0a6f50d4aa774929c7ba3555) Importer(815301076,1909f56bfc062723c751e8b465ee728b)  -> (artifact id: '3b9c20bb8cb1aa295d7a55a6706626a6') in 0.009154 seconds 
  Import took 0.012247 seconds .

========================================================================
Received Import Request.
  Time since last request: 3.600091 seconds.
  path: Assets/Scenes/Game/LightingData.asset
  artifactKey: Guid(91207f18b0021254abfbf476010af73b) Importer(815301076,1909f56bfc062723c751e8b465ee728b)
Start importing Assets/Scenes/Game/LightingData.asset using Guid(91207f18b0021254abfbf476010af73b) Importer(815301076,1909f56bfc062723c751e8b465ee728b)  -> (artifact id: '5cd6b653ecc20eda554c841ee5bc8d9f') in 0.009969 seconds 
  Import took 0.013857 seconds .

========================================================================
Received Import Request.
  Time since last request: 0.000363 seconds.
  path: Assets/Scenes/Game
  artifactKey: Guid(f413398fba052a8468f57434c723b5ad) Importer(815301076,1909f56bfc062723c751e8b465ee728b)
Start importing Assets/Scenes/Game using Guid(f413398fba052a8468f57434c723b5ad) Importer(815301076,1909f56bfc062723c751e8b465ee728b)  -> (artifact id: '050f704c2e5e65d3759fa5afb1d13b40') in 0.009234 seconds 
  Import took 0.012384 seconds .

========================================================================
Received Import Request.
  Time since last request: 0.000260 seconds.
  path: Assets/Scenes/Game/ReflectionProbe-0.exr
  artifactKey: Guid(80f28e283d9898f4e937453d5425eba2) Importer(815301076,1909f56bfc062723c751e8b465ee728b)
Start importing Assets/Scenes/Game/ReflectionProbe-0.exr using Guid(80f28e283d9898f4e937453d5425eba2) Importer(815301076,1909f56bfc062723c751e8b465ee728b)  -> (artifact id: '199927b9bd85ac3beb759294dfa92b97') in 0.095517 seconds 
  Import took 0.098526 seconds .

========================================================================
Received Import Request.
  Time since last request: 3.268244 seconds.
  path: Assets/Scenes/Main/LightingData.asset
  artifactKey: Guid(5ad991571b598ea40b9f6ad91d4d9077) Importer(815301076,1909f56bfc062723c751e8b465ee728b)
Start importing Assets/Scenes/Main/LightingData.asset using Guid(5ad991571b598ea40b9f6ad91d4d9077) Importer(815301076,1909f56bfc062723c751e8b465ee728b)  -> (artifact id: '16a149860c5b641fed68f9ed43bc6f4c') in 0.005069 seconds 
  Import took 0.008346 seconds .

========================================================================
Received Import Request.
  Time since last request: 0.000266 seconds.
  path: Assets/Scenes/Main/ReflectionProbe-3.exr
  artifactKey: Guid(f319d2d4df093224684b4dae47534bb6) Importer(815301076,1909f56bfc062723c751e8b465ee728b)
Start importing Assets/Scenes/Main/ReflectionProbe-3.exr using Guid(f319d2d4df093224684b4dae47534bb6) Importer(815301076,1909f56bfc062723c751e8b465ee728b)  -> (artifact id: '6ccaa1e752a6e0b121574fcaa0cf9206') in 0.021801 seconds 
  Import took 0.025318 seconds .

========================================================================
Received Import Request.
  Time since last request: 0.000244 seconds.
  path: Assets/Scenes/Main/ReflectionProbe-6.exr
  artifactKey: Guid(4c246300583a15b4690337afb12daf70) Importer(815301076,1909f56bfc062723c751e8b465ee728b)
Start importing Assets/Scenes/Main/ReflectionProbe-6.exr using Guid(4c246300583a15b4690337afb12daf70) Importer(815301076,1909f56bfc062723c751e8b465ee728b)  -> (artifact id: '458f1fdda025722235d1b300fc93bdec') in 0.023263 seconds 
  Import took 0.026332 seconds .

========================================================================
Received Import Request.
  Time since last request: 0.000231 seconds.
  path: Assets/Scenes/Main/ReflectionProbe-1.exr
  artifactKey: Guid(1a72c321dc0ef67408cdc146ea283607) Importer(815301076,1909f56bfc062723c751e8b465ee728b)
Start importing Assets/Scenes/Main/ReflectionProbe-1.exr using Guid(1a72c321dc0ef67408cdc146ea283607) Importer(815301076,1909f56bfc062723c751e8b465ee728b)  -> (artifact id: '2adb2d3392b7cd3e0aa7e61b79f64e50') in 0.028542 seconds 
  Import took 0.031689 seconds .

========================================================================
Received Import Request.
  Time since last request: 0.000254 seconds.
  path: Assets/Scenes/Main
  artifactKey: Guid(f1c25cae5d366b94bba0899612a4ba45) Importer(815301076,1909f56bfc062723c751e8b465ee728b)
Start importing Assets/Scenes/Main using Guid(f1c25cae5d366b94bba0899612a4ba45) Importer(815301076,1909f56bfc062723c751e8b465ee728b)  -> (artifact id: 'ad07ab6859d7ac396edbed1fad995b06') in 0.008349 seconds 
  Import took 0.011861 seconds .

========================================================================
Received Import Request.
  Time since last request: 0.000301 seconds.
  path: Assets/Scenes/Main/ReflectionProbe-5.exr
  artifactKey: Guid(f22b5645f939fc14eb097b1189fb2c8f) Importer(815301076,1909f56bfc062723c751e8b465ee728b)
Start importing Assets/Scenes/Main/ReflectionProbe-5.exr using Guid(f22b5645f939fc14eb097b1189fb2c8f) Importer(815301076,1909f56bfc062723c751e8b465ee728b)  -> (artifact id: 'ba174c7749a8fcb7f035b5c28ded1939') in 0.021235 seconds 
  Import took 0.024967 seconds .

========================================================================
Received Import Request.
  Time since last request: 0.000256 seconds.
  path: Assets/Scenes/Main/Lightmap-1_comp_dir.png
  artifactKey: Guid(930c85f85f52ab0498118329c192ee2c) Importer(815301076,1909f56bfc062723c751e8b465ee728b)
Start importing Assets/Scenes/Main/Lightmap-1_comp_dir.png using Guid(930c85f85f52ab0498118329c192ee2c) Importer(815301076,1909f56bfc062723c751e8b465ee728b)  -> (artifact id: '8ad99624e8abbf2ed5ce5e0ae355a3c6') in 0.028867 seconds 
  Import took 0.032242 seconds .

========================================================================
Received Import Request.
  Time since last request: 0.000274 seconds.
  path: Assets/Scenes/Main/Lightmap-1_comp_light.exr
  artifactKey: Guid(5c2abfa81b784154abbfcfd22f2e73a1) Importer(815301076,1909f56bfc062723c751e8b465ee728b)
Start importing Assets/Scenes/Main/Lightmap-1_comp_light.exr using Guid(5c2abfa81b784154abbfcfd22f2e73a1) Importer(815301076,1909f56bfc062723c751e8b465ee728b)  -> (artifact id: '88b319531583a06f28ea7d61c95bc5ba') in 0.022802 seconds 
  Import took 0.026308 seconds .

========================================================================
Received Import Request.
  Time since last request: 0.000320 seconds.
  path: Assets/Scenes/Main/ReflectionProbe-7.exr
  artifactKey: Guid(5debba57b5b312647adf406fd49d2d1d) Importer(815301076,1909f56bfc062723c751e8b465ee728b)
Start importing Assets/Scenes/Main/ReflectionProbe-7.exr using Guid(5debba57b5b312647adf406fd49d2d1d) Importer(815301076,1909f56bfc062723c751e8b465ee728b)  -> (artifact id: '3d97e288830f7e9b202c2a252096a462') in 0.021793 seconds 
  Import took 0.024935 seconds .

========================================================================
Received Import Request.
  Time since last request: 0.000256 seconds.
  path: Assets/Scenes/Main/ReflectionProbe-4.exr
  artifactKey: Guid(8bff01e3b001df7459b7334c615fc50d) Importer(815301076,1909f56bfc062723c751e8b465ee728b)
Start importing Assets/Scenes/Main/ReflectionProbe-4.exr using Guid(8bff01e3b001df7459b7334c615fc50d) Importer(815301076,1909f56bfc062723c751e8b465ee728b)  -> (artifact id: '4eb1a651a9d9f9a837b3f53ac2b4ccda') in 0.018998 seconds 
  Import took 0.022087 seconds .

========================================================================
Received Import Request.
  Time since last request: 0.000465 seconds.
  path: Assets/Scenes/Main/ReflectionProbe-9.exr
  artifactKey: Guid(d076206b94113aa4cafb7a64d3bad847) Importer(815301076,1909f56bfc062723c751e8b465ee728b)
Start importing Assets/Scenes/Main/ReflectionProbe-9.exr using Guid(d076206b94113aa4cafb7a64d3bad847) Importer(815301076,1909f56bfc062723c751e8b465ee728b)  -> (artifact id: '841eecfeb71a0982ef6c14f37b6e3c29') in 0.021262 seconds 
  Import took 0.025308 seconds .

========================================================================
Received Import Request.
  Time since last request: 0.000303 seconds.
  path: Assets/Scenes/Main/Lightmap-0_comp_dir.png
  artifactKey: Guid(d23ce938ae7d9b24bb791e4a71d3388f) Importer(815301076,1909f56bfc062723c751e8b465ee728b)
Start importing Assets/Scenes/Main/Lightmap-0_comp_dir.png using Guid(d23ce938ae7d9b24bb791e4a71d3388f) Importer(815301076,1909f56bfc062723c751e8b465ee728b)  -> (artifact id: '387c0584bf15ac7af1b3e2dc2930429b') in 0.015684 seconds 
  Import took 0.018957 seconds .

========================================================================
Received Import Request.
  Time since last request: 0.000324 seconds.
  path: Assets/Scenes/Main/Lightmap-0_comp_light.exr
  artifactKey: Guid(38645482f82302843938b3d9b2b8e345) Importer(815301076,1909f56bfc062723c751e8b465ee728b)
Start importing Assets/Scenes/Main/Lightmap-0_comp_light.exr using Guid(38645482f82302843938b3d9b2b8e345) Importer(815301076,1909f56bfc062723c751e8b465ee728b)  -> (artifact id: 'ef401198c7a0b89122141098434858e1') in 0.016523 seconds 
  Import took 0.019561 seconds .

========================================================================
Received Import Request.
  Time since last request: 0.000248 seconds.
  path: Assets/Scenes/Main/ReflectionProbe-0.exr
  artifactKey: Guid(14d99eba68deb5c419739be53229234f) Importer(815301076,1909f56bfc062723c751e8b465ee728b)
Start importing Assets/Scenes/Main/ReflectionProbe-0.exr using Guid(14d99eba68deb5c419739be53229234f) Importer(815301076,1909f56bfc062723c751e8b465ee728b)  -> (artifact id: 'f6ba8b3c630fa87f0c8d1da9b87fd33a') in 0.018935 seconds 
  Import took 0.022034 seconds .

========================================================================
Received Import Request.
  Time since last request: 0.000237 seconds.
  path: Assets/Scenes/Main/ReflectionProbe-8.exr
  artifactKey: Guid(218bb83e223fd5946a08a96e879ca127) Importer(815301076,1909f56bfc062723c751e8b465ee728b)
Start importing Assets/Scenes/Main/ReflectionProbe-8.exr using Guid(218bb83e223fd5946a08a96e879ca127) Importer(815301076,1909f56bfc062723c751e8b465ee728b)  -> (artifact id: 'dbf5b104097297b9f33f0db71add11e3') in 0.020787 seconds 
  Import took 0.024025 seconds .

========================================================================
Received Import Request.
  Time since last request: 0.000229 seconds.
  path: Assets/Scenes/Main/ReflectionProbe-2.exr
  artifactKey: Guid(5c1be5c0a92e945418a09e0b4b56cd15) Importer(815301076,1909f56bfc062723c751e8b465ee728b)
Start importing Assets/Scenes/Main/ReflectionProbe-2.exr using Guid(5c1be5c0a92e945418a09e0b4b56cd15) Importer(815301076,1909f56bfc062723c751e8b465ee728b)  -> (artifact id: '723c9436fe823fc33dfa38af87690996') in 0.019736 seconds 
  Import took 0.023030 seconds .

========================================================================
Received Import Request.
  Time since last request: 4.213661 seconds.
  path: Assets/EffectExamples
  artifactKey: Guid(6c0b056137d972f46a0312ba21b6263f) Importer(815301076,1909f56bfc062723c751e8b465ee728b)
Start importing Assets/EffectExamples using Guid(6c0b056137d972f46a0312ba21b6263f) Importer(815301076,1909f56bfc062723c751e8b465ee728b)  -> (artifact id: 'c0695cf317e26f567ddbb6bf096b4217') in 0.009230 seconds 
  Import took 0.012465 seconds .

========================================================================
Received Import Request.
  Time since last request: 1.410017 seconds.
  path: Assets/EffectExamples/Fire & Explosion Effects
  artifactKey: Guid(9c9c292c9091a7d4fbaf34fdd81b85fc) Importer(815301076,1909f56bfc062723c751e8b465ee728b)
Start importing Assets/EffectExamples/Fire & Explosion Effects using Guid(9c9c292c9091a7d4fbaf34fdd81b85fc) Importer(815301076,1909f56bfc062723c751e8b465ee728b)  -> (artifact id: '69fb5e8d844e7fc89a2aa22f6ab447a5') in 0.008472 seconds 
  Import took 0.011879 seconds .

========================================================================
Received Import Request.
  Time since last request: 4.298139 seconds.
  path: Assets/Materials/Building03_Blue.mat
  artifactKey: Guid(2d5c2d2ed7676c64dbbee553b8181859) Importer(815301076,1909f56bfc062723c751e8b465ee728b)
Start importing Assets/Materials/Building03_Blue.mat using Guid(2d5c2d2ed7676c64dbbee553b8181859) Importer(815301076,1909f56bfc062723c751e8b465ee728b)  -> (artifact id: '75ea7f7b960f0c53c679ab47e0604b4b') in 0.251395 seconds 
  Import took 0.254987 seconds .

========================================================================
Received Import Request.
  Time since last request: 0.000288 seconds.
  path: Assets/Materials
  artifactKey: Guid(aee0838705b363c4d8a9d1dd888e0845) Importer(815301076,1909f56bfc062723c751e8b465ee728b)
Start importing Assets/Materials using Guid(aee0838705b363c4d8a9d1dd888e0845) Importer(815301076,1909f56bfc062723c751e8b465ee728b)  -> (artifact id: 'b24d245192ccc8a43e7047cc9519db7a') in 0.008517 seconds 
  Import took 0.011652 seconds .

========================================================================
Received Import Request.
  Time since last request: 2.750495 seconds.
  path: Assets/Models/office_large_mesh.fbx
  artifactKey: Guid(9a5c88c0d89c2d94488c3b498162eade) Importer(815301076,1909f56bfc062723c751e8b465ee728b)
Start importing Assets/Models/office_large_mesh.fbx using Guid(9a5c88c0d89c2d94488c3b498162eade) Importer(815301076,1909f56bfc062723c751e8b465ee728b)  -> (artifact id: '4c7ecd8f90542984c4f1d4c6156c57db') in 0.180452 seconds 
  Import took 0.185134 seconds .

========================================================================
Received Import Request.
  Time since last request: 0.000313 seconds.
  path: Assets/Models
  artifactKey: Guid(b95df32eb6815f0429a2602643dada69) Importer(815301076,1909f56bfc062723c751e8b465ee728b)
Start importing Assets/Models using Guid(b95df32eb6815f0429a2602643dada69) Importer(815301076,1909f56bfc062723c751e8b465ee728b)  -> (artifact id: '274c179f3d458d51017a3dbfb03f41e6') in 0.009015 seconds 
  Import took 0.012166 seconds .

========================================================================
Received Import Request.
  Time since last request: 2.714583 seconds.
  path: Assets/Prefabs/Build.prefab
  artifactKey: Guid(426c1d2e6f1d1c24da9b4e0dc47e0b4e) Importer(815301076,1909f56bfc062723c751e8b465ee728b)
Start importing Assets/Prefabs/Build.prefab using Guid(426c1d2e6f1d1c24da9b4e0dc47e0b4e) Importer(815301076,1909f56bfc062723c751e8b465ee728b)  -> (artifact id: 'bff7148669c2d0be36ebdcceee1e425c') in 0.021776 seconds 
  Import took 0.024951 seconds .

========================================================================
Received Import Request.
  Time since last request: 0.000266 seconds.
  path: Assets/Prefabs/Building_OfficeLarge_Blue.prefab
  artifactKey: Guid(a4c5669ce7e9fed44bcf7e1ba43e98da) Importer(815301076,1909f56bfc062723c751e8b465ee728b)
Start importing Assets/Prefabs/Building_OfficeLarge_Blue.prefab using Guid(a4c5669ce7e9fed44bcf7e1ba43e98da) Importer(815301076,1909f56bfc062723c751e8b465ee728b)  -> (artifact id: '2b91bdfd6924cb27efdab9e920a9486c') in 0.022694 seconds 
  Import took 0.026254 seconds .

========================================================================
Received Import Request.
  Time since last request: 0.000325 seconds.
  path: Assets/Prefabs/Window.prefab
  artifactKey: Guid(2b71366410cd16f43b6663df37a5319d) Importer(815301076,1909f56bfc062723c751e8b465ee728b)
Start importing Assets/Prefabs/Window.prefab using Guid(2b71366410cd16f43b6663df37a5319d) Importer(815301076,1909f56bfc062723c751e8b465ee728b)  -> (artifact id: 'ead5e9f46036c632c636e803598c70a9') in 0.069220 seconds 
  Import took 0.072514 seconds .

========================================================================
Received Import Request.
  Time since last request: 0.000259 seconds.
  path: Assets/Prefabs
  artifactKey: Guid(c31221354d219754392671675defbb7b) Importer(815301076,1909f56bfc062723c751e8b465ee728b)
Start importing Assets/Prefabs using Guid(c31221354d219754392671675defbb7b) Importer(815301076,1909f56bfc062723c751e8b465ee728b)  -> (artifact id: '2bf5dabebdb120f8c55ddb1dec0b2b8c') in 0.009520 seconds 
  Import took 0.012993 seconds .

========================================================================
Received Import Request.
  Time since last request: 0.000274 seconds.
  path: Assets/Prefabs/FlameThrower.prefab
  artifactKey: Guid(b69d37a6547a18b4cbe323072b7b81f7) Importer(815301076,1909f56bfc062723c751e8b465ee728b)
Start importing Assets/Prefabs/FlameThrower.prefab using Guid(b69d37a6547a18b4cbe323072b7b81f7) Importer(815301076,1909f56bfc062723c751e8b465ee728b)  -> (artifact id: '1a9a9bcb647214e4cf56d3de3aa590ff') in 2.132580 seconds 
  Import took 2.136011 seconds .

========================================================================
Received Import Request.
  Time since last request: 3.272835 seconds.
  path: Assets/Scripts
  artifactKey: Guid(5a4a120dfe8f1b844b8ba3b9ec2dad48) Importer(815301076,1909f56bfc062723c751e8b465ee728b)
Start importing Assets/Scripts using Guid(5a4a120dfe8f1b844b8ba3b9ec2dad48) Importer(815301076,1909f56bfc062723c751e8b465ee728b)  -> (artifact id: '776b47f0926321743e33549b4cc78834') in 0.013499 seconds 
  Import took 0.017477 seconds .

========================================================================
Received Import Request.
  Time since last request: 3.123943 seconds.
  path: Assets/Textures/Building03a.png
  artifactKey: Guid(20bf94e7ad68e6b41bf406d9df557653) Importer(815301076,1909f56bfc062723c751e8b465ee728b)
Start importing Assets/Textures/Building03a.png using Guid(20bf94e7ad68e6b41bf406d9df557653) Importer(815301076,1909f56bfc062723c751e8b465ee728b)  -> (artifact id: '4af7bad6c7e360a3d3244da34f0e1654') in 0.020468 seconds 
  Import took 0.023644 seconds .

========================================================================
Received Import Request.
  Time since last request: 0.000251 seconds.
  path: Assets/Textures
  artifactKey: Guid(d86f498be7b4a764e83acdcdafe30fba) Importer(815301076,1909f56bfc062723c751e8b465ee728b)
Start importing Assets/Textures using Guid(d86f498be7b4a764e83acdcdafe30fba) Importer(815301076,1909f56bfc062723c751e8b465ee728b)  -> (artifact id: '68c5f3b8046b52944d0673cf9d3bc039') in 0.008802 seconds 
  Import took 0.011984 seconds .

========================================================================
Received Import Request.
  Time since last request: 3.267104 seconds.
  path: Assets/Drone
  artifactKey: Guid(29777d83bd8456f4d9ce22a77f438246) Importer(815301076,1909f56bfc062723c751e8b465ee728b)
Start importing Assets/Drone using Guid(29777d83bd8456f4d9ce22a77f438246) Importer(815301076,1909f56bfc062723c751e8b465ee728b)  -> (artifact id: '5742e8f85d18334e269ded1f802caec1') in 0.012201 seconds 
  Import took 0.015974 seconds .

========================================================================
Received Import Request.
  Time since last request: 0.717834 seconds.
  path: Assets/Drone/3dModel/Drone.prefab
  artifactKey: Guid(979fc5f838d46744aa26f426a3934492) Importer(815301076,1909f56bfc062723c751e8b465ee728b)
Start importing Assets/Drone/3dModel/Drone.prefab using Guid(979fc5f838d46744aa26f426a3934492) Importer(815301076,1909f56bfc062723c751e8b465ee728b)  -> (artifact id: '23529cafb933823a914611b92f056399') in 0.037717 seconds 
  Import took 0.041973 seconds .

========================================================================
Received Import Request.
  Time since last request: 0.000265 seconds.
  path: Assets/Drone/3dModel
  artifactKey: Guid(7708f1b3797cb0f44853bb0406130a8f) Importer(815301076,1909f56bfc062723c751e8b465ee728b)
Start importing Assets/Drone/3dModel using Guid(7708f1b3797cb0f44853bb0406130a8f) Importer(815301076,1909f56bfc062723c751e8b465ee728b)  -> (artifact id: '1f44236f8500eba1db2eadce1cce0b8b') in 0.008355 seconds 
  Import took 0.011537 seconds .

========================================================================
Received Import Request.
  Time since last request: 0.000258 seconds.
  path: Assets/Drone/3dModel/droneElica.fbx
  artifactKey: Guid(1aef3961f39e68847b784db9df3fc48f) Importer(815301076,1909f56bfc062723c751e8b465ee728b)
Start importing Assets/Drone/3dModel/droneElica.fbx using Guid(1aef3961f39e68847b784db9df3fc48f) Importer(815301076,1909f56bfc062723c751e8b465ee728b)  -> (artifact id: '35c30156aad447e500cb2defe1c737a6') in 0.025469 seconds 
  Import took 0.029240 seconds .

========================================================================
Received Import Request.
  Time since last request: 0.000268 seconds.
  path: Assets/Drone/3dModel/droneModel.fbx
  artifactKey: Guid(72e6d90b53373544c919bed3ac15b5fe) Importer(815301076,1909f56bfc062723c751e8b465ee728b)
Start importing Assets/Drone/3dModel/droneModel.fbx using Guid(72e6d90b53373544c919bed3ac15b5fe) Importer(815301076,1909f56bfc062723c751e8b465ee728b)  -> (artifact id: 'be15b9caecf5262da2ade88e5b724aeb') in 0.224438 seconds 
  Import took 0.228306 seconds .

========================================================================
Received Import Request.
  Time since last request: 1.228006 seconds.
  path: Assets/Drone/3dModel/Materials/Color_001.mat
  artifactKey: Guid(cb701950dc2b6764a91f85c2848c392b) Importer(815301076,1909f56bfc062723c751e8b465ee728b)
Start importing Assets/Drone/3dModel/Materials/Color_001.mat using Guid(cb701950dc2b6764a91f85c2848c392b) Importer(815301076,1909f56bfc062723c751e8b465ee728b)  -> (artifact id: 'e2c98c17209fcb5f10b2fd3026f882c2') in 0.016553 seconds 
  Import took 0.019868 seconds .

========================================================================
Received Import Request.
  Time since last request: 0.000268 seconds.
  path: Assets/Drone/3dModel/Materials/FrontColor.mat
  artifactKey: Guid(e3a0857009c877949a7b456c324f4ff6) Importer(815301076,1909f56bfc062723c751e8b465ee728b)
Start importing Assets/Drone/3dModel/Materials/FrontColor.mat using Guid(e3a0857009c877949a7b456c324f4ff6) Importer(815301076,1909f56bfc062723c751e8b465ee728b)  -> (artifact id: 'c7604a0cb2f7d697e6a5891fd8d0bc3a') in 0.016804 seconds 
  Import took 0.019993 seconds .

========================================================================
Received Import Request.
  Time since last request: 0.000240 seconds.
  path: Assets/Drone/3dModel/Materials/Color_007.mat
  artifactKey: Guid(757d5608108c26b47969148470b747c6) Importer(815301076,1909f56bfc062723c751e8b465ee728b)
Start importing Assets/Drone/3dModel/Materials/Color_007.mat using Guid(757d5608108c26b47969148470b747c6) Importer(815301076,1909f56bfc062723c751e8b465ee728b)  -> (artifact id: '5f84ab95bd4e9ee263866aa2c5d93d74') in 0.020385 seconds 
  Import took 0.023762 seconds .

========================================================================
Received Import Request.
  Time since last request: 0.000278 seconds.
  path: Assets/Drone/3dModel/Materials/No Name.mat
  artifactKey: Guid(600f9e0fc42a4d94ea90c6ad02fbf281) Importer(815301076,1909f56bfc062723c751e8b465ee728b)
Start importing Assets/Drone/3dModel/Materials/No Name.mat using Guid(600f9e0fc42a4d94ea90c6ad02fbf281) Importer(815301076,1909f56bfc062723c751e8b465ee728b)  -> (artifact id: '9bdb72af9195298219ce8447162c325f') in 0.019416 seconds 
  Import took 0.023002 seconds .

========================================================================
Received Import Request.
  Time since last request: 0.000316 seconds.
  path: Assets/Drone/3dModel/Materials/Color_008.mat
  artifactKey: Guid(ac2beba4ad58bc845998f71916648606) Importer(815301076,1909f56bfc062723c751e8b465ee728b)
Start importing Assets/Drone/3dModel/Materials/Color_008.mat using Guid(ac2beba4ad58bc845998f71916648606) Importer(815301076,1909f56bfc062723c751e8b465ee728b)  -> (artifact id: '51a7e00179af57171756fe1972efd7ff') in 0.016946 seconds 
  Import took 0.020357 seconds .

========================================================================
Received Import Request.
  Time since last request: 0.000318 seconds.
  path: Assets/Drone/3dModel/Materials/rayMat.mat
  artifactKey: Guid(49cc4700fe47c054a99800f8b29b7b2a) Importer(815301076,1909f56bfc062723c751e8b465ee728b)
Start importing Assets/Drone/3dModel/Materials/rayMat.mat using Guid(49cc4700fe47c054a99800f8b29b7b2a) Importer(815301076,1909f56bfc062723c751e8b465ee728b)  -> (artifact id: 'dae0873b9a28f929767bbd9e2eb17a4d') in 0.015877 seconds 
  Import took 0.019859 seconds .

========================================================================
Received Import Request.
  Time since last request: 0.000290 seconds.
  path: Assets/Drone/3dModel/Materials/Color_004.mat
  artifactKey: Guid(abe20d5cea846f74ab833991edff9351) Importer(815301076,1909f56bfc062723c751e8b465ee728b)
Start importing Assets/Drone/3dModel/Materials/Color_004.mat using Guid(abe20d5cea846f74ab833991edff9351) Importer(815301076,1909f56bfc062723c751e8b465ee728b)  -> (artifact id: '24b3d504fd69940b575ba05ec3d7bcc8') in 0.016995 seconds 
  Import took 0.020228 seconds .

========================================================================
Received Import Request.
  Time since last request: 0.000374 seconds.
  path: Assets/Drone/3dModel/Materials/linesMaterial.mat
  artifactKey: Guid(b40e901ac3508bc428953b5e049b4ae1) Importer(815301076,1909f56bfc062723c751e8b465ee728b)
Start importing Assets/Drone/3dModel/Materials/linesMaterial.mat using Guid(b40e901ac3508bc428953b5e049b4ae1) Importer(815301076,1909f56bfc062723c751e8b465ee728b)  -> (artifact id: '8d332ed5602b35e38fffe25528f361cc') in 0.016187 seconds 
  Import took 0.019660 seconds .

========================================================================
Received Import Request.
  Time since last request: 0.000292 seconds.
  path: Assets/Drone/3dModel/Materials/Color_A01.mat
  artifactKey: Guid(77758b357c29c5c4ba7fbe70b2998c6c) Importer(815301076,1909f56bfc062723c751e8b465ee728b)
Start importing Assets/Drone/3dModel/Materials/Color_A01.mat using Guid(77758b357c29c5c4ba7fbe70b2998c6c) Importer(815301076,1909f56bfc062723c751e8b465ee728b)  -> (artifact id: '42e98240feab6c9738de7fda9e0325d5') in 0.017397 seconds 
  Import took 0.020727 seconds .

========================================================================
Received Import Request.
  Time since last request: 0.000271 seconds.
  path: Assets/Drone/3dModel/Materials/Color_005.mat
  artifactKey: Guid(7697da99fa779d048a6f22e05df76364) Importer(815301076,1909f56bfc062723c751e8b465ee728b)
Start importing Assets/Drone/3dModel/Materials/Color_005.mat using Guid(7697da99fa779d048a6f22e05df76364) Importer(815301076,1909f56bfc062723c751e8b465ee728b)  -> (artifact id: 'adbc94bcd24f9d33a888931df81591a2') in 0.014858 seconds 
  Import took 0.018133 seconds .

========================================================================
Received Import Request.
  Time since last request: 0.000452 seconds.
  path: Assets/Drone/3dModel/Materials/Color_003.mat
  artifactKey: Guid(9d1f9a81019883e4bb603caa6c03f4f3) Importer(815301076,1909f56bfc062723c751e8b465ee728b)
Start importing Assets/Drone/3dModel/Materials/Color_003.mat using Guid(9d1f9a81019883e4bb603caa6c03f4f3) Importer(815301076,1909f56bfc062723c751e8b465ee728b)  -> (artifact id: '1d57d9e339ea6ee4f44d0b1bf901232a') in 0.016017 seconds 
  Import took 0.019393 seconds .

========================================================================
Received Import Request.
  Time since last request: 0.000325 seconds.
  path: Assets/Drone/3dModel/Materials/Color_G11.mat
  artifactKey: Guid(327f4d6a867b48244b20d669e0f06284) Importer(815301076,1909f56bfc062723c751e8b465ee728b)
Start importing Assets/Drone/3dModel/Materials/Color_G11.mat using Guid(327f4d6a867b48244b20d669e0f06284) Importer(815301076,1909f56bfc062723c751e8b465ee728b)  -> (artifact id: 'ee350a542158323e28ee2ddd0ffddf36') in 0.016649 seconds 
  Import took 0.020523 seconds .

========================================================================
Received Import Request.
  Time since last request: 0.000340 seconds.
  path: Assets/Drone/3dModel/Materials/Color_009.mat
  artifactKey: Guid(f6533a5ccb32d4447b1b9f66d7f9e741) Importer(815301076,1909f56bfc062723c751e8b465ee728b)
Start importing Assets/Drone/3dModel/Materials/Color_009.mat using Guid(f6533a5ccb32d4447b1b9f66d7f9e741) Importer(815301076,1909f56bfc062723c751e8b465ee728b)  -> (artifact id: 'b48c4b2af9a54a66496e292957152c59') in 0.015571 seconds 
  Import took 0.019600 seconds .

========================================================================
Received Import Request.
  Time since last request: 0.000318 seconds.
  path: Assets/Drone/3dModel/Materials
  artifactKey: Guid(9eaa9a5b623b2ca4c8ae752e64b77424) Importer(815301076,1909f56bfc062723c751e8b465ee728b)
Start importing Assets/Drone/3dModel/Materials using Guid(9eaa9a5b623b2ca4c8ae752e64b77424) Importer(815301076,1909f56bfc062723c751e8b465ee728b)  -> (artifact id: '83e39183f0ca5f5a9a4166f7a66ede49') in 0.003224 seconds 
  Import took 0.006509 seconds .

========================================================================
Received Import Request.
  Time since last request: 80.008997 seconds.
  path: Assets/EffectExamples/Fire & Explosion Effects/Materials/LargeFlame01.mat
  artifactKey: Guid(af29e4d6b5ada10438f9e9b5bb6d19d3) Importer(815301076,1909f56bfc062723c751e8b465ee728b)
Start importing Assets/EffectExamples/Fire & Explosion Effects/Materials/LargeFlame01.mat using Guid(af29e4d6b5ada10438f9e9b5bb6d19d3) Importer(815301076,1909f56bfc062723c751e8b465ee728b)  -> (artifact id: '3e8e4fa36f746ed1cdf7380e0925af10') in 0.328967 seconds 
  Import took 0.333011 seconds .

========================================================================
Received Prepare
Registering precompiled user dll's ...
Registered in 0.002118 seconds.
Begin MonoManager ReloadAssembly
Native extension for WindowsStandalone target not found
Native extension for WebGL target not found
Refreshing native plugins compatible for Editor in 1.26 ms, found 2 plugins.
Preloading 0 native plugins for Editor in 0.00 ms.
Mono: successfully reloaded assembly
- Completed reload, in  1.708 seconds
Domain Reload Profiling:
	ReloadAssembly (1708ms)
		BeginReloadAssembly (165ms)
			ExecutionOrderSort (0ms)
			DisableScriptedObjects (9ms)
			BackupInstance (0ms)
			ReleaseScriptingObjects (0ms)
			CreateAndSetChildDomain (46ms)
		EndReloadAssembly (1453ms)
			LoadAssemblies (156ms)
			RebuildTransferFunctionScriptingTraits (0ms)
			SetupTypeCache (562ms)
			ReleaseScriptCaches (3ms)
			RebuildScriptCaches (75ms)
			SetupLoadedEditorAssemblies (453ms)
				LogAssemblyErrors (0ms)
				InitializePlatformSupportModulesInManaged (16ms)
				SetLoadedEditorAssemblies (1ms)
				RefreshPlugins (1ms)
				BeforeProcessingInitializeOnLoad (125ms)
				ProcessInitializeOnLoadAttributes (291ms)
				ProcessInitializeOnLoadMethodAttributes (10ms)
				AfterProcessingInitializeOnLoad (8ms)
				EditorAssembliesLoaded (0ms)
			ExecutionOrderSort2 (0ms)
			AwakeInstancesAfterBackupRestoration (12ms)
Platform modules already initialized, skipping
Switching build target platform(19) subTarget(0) extendedPlatform(0) -> platform(13) subTarget(589824) extendedPlatform(0)
Refreshing native plugins compatible for Editor in 0.53 ms, found 2 plugins.
Preloading 0 native plugins for Editor in 0.00 ms.
Unloading 1595 Unused Serialized files (Serialized files now loaded: 0)
System memory in use before: 150.1 MB.
System memory in use after: 150.2 MB.

Unloading 13 unused Assets to reduce memory usage. Loaded Objects now: 2129.
Total: 4.479400 ms (FindLiveObjects: 0.367600 ms CreateObjectMapping: 0.079200 ms MarkObjects: 3.960700 ms  DeleteObjects: 0.069200 ms)

AssetImportParameters requested are different than current active one (requested -> active):
  custom:framework-win-MediaFoundation: 216162199b28c13a410421893ffa2e32 -> 
  custom:video-decoder-ogg-theora: a1e56fd34408186e4bbccfd4996cb3dc -> 
  custom:container-muxer-webm: aa71ff27fc2769a1b78a27578f13a17b -> 
  custom:container-demuxer-webm: 4f35f7cbe854078d1ac9338744f61a02 -> 
  custom:container-demuxer-ogg: 62fdf1f143b41e24485cea50d1cbac27 -> 
  custom:video-encoder-webm-vp8: eb34c28f22e8b96e1ab97ce403110664 -> 
  custom:video-decoder-webm-vp8: 9c59270c3fd7afecdb556c50c9e8de78 -> 
  custom:graphics/normal-map-encoding: 01000000000000000000000000000000 -> 02000000000000000000000000000000
  custom:audio-decoder-ogg-vorbis: bf7c407c2cedff20999df2af8eb42d56 -> 
  custom:audio-encoder-webm-vorbis: bf7c407c2cedff20999df2af8eb42d56 -> 
========================================================================
Received Prepare
Refreshing native plugins compatible for Editor in 2.86 ms, found 2 plugins.
Preloading 0 native plugins for Editor in 0.00 ms.
Unloading 9 Unused Serialized files (Serialized files now loaded: 0)
System memory in use before: 118.7 MB.
System memory in use after: 118.8 MB.

Unloading 9 unused Assets to reduce memory usage. Loaded Objects now: 2129.
Total: 4.551900 ms (FindLiveObjects: 0.243400 ms CreateObjectMapping: 0.054100 ms MarkObjects: 4.223200 ms  DeleteObjects: 0.029500 ms)

AssetImportParameters requested are different than current active one (requested -> active):
  custom:framework-win-MediaFoundation: 216162199b28c13a410421893ffa2e32 -> 
  custom:video-decoder-ogg-theora: a1e56fd34408186e4bbccfd4996cb3dc -> 
  custom:container-muxer-webm: aa71ff27fc2769a1b78a27578f13a17b -> 
  custom:container-demuxer-webm: 4f35f7cbe854078d1ac9338744f61a02 -> 
  custom:container-demuxer-ogg: 62fdf1f143b41e24485cea50d1cbac27 -> 
  custom:video-encoder-webm-vp8: eb34c28f22e8b96e1ab97ce403110664 -> 
  custom:video-decoder-webm-vp8: 9c59270c3fd7afecdb556c50c9e8de78 -> 
  custom:audio-decoder-ogg-vorbis: bf7c407c2cedff20999df2af8eb42d56 -> 
  custom:audio-encoder-webm-vorbis: bf7c407c2cedff20999df2af8eb42d56 -> 
========================================================================
Received Prepare
Registering precompiled user dll's ...
Registered in 0.002413 seconds.
Begin MonoManager ReloadAssembly
Native extension for WindowsStandalone target not found
Native extension for WebGL target not found
Refreshing native plugins compatible for Editor in 0.46 ms, found 2 plugins.
Preloading 0 native plugins for Editor in 0.00 ms.
Mono: successfully reloaded assembly
- Completed reload, in  1.304 seconds
Domain Reload Profiling:
	ReloadAssembly (1305ms)
		BeginReloadAssembly (157ms)
			ExecutionOrderSort (0ms)
			DisableScriptedObjects (9ms)
			BackupInstance (0ms)
			ReleaseScriptingObjects (0ms)
			CreateAndSetChildDomain (44ms)
		EndReloadAssembly (1053ms)
			LoadAssemblies (116ms)
			RebuildTransferFunctionScriptingTraits (0ms)
			SetupTypeCache (360ms)
			ReleaseScriptCaches (1ms)
			RebuildScriptCaches (54ms)
			SetupLoadedEditorAssemblies (375ms)
				LogAssemblyErrors (0ms)
				InitializePlatformSupportModulesInManaged (7ms)
				SetLoadedEditorAssemblies (1ms)
				RefreshPlugins (1ms)
				BeforeProcessingInitializeOnLoad (90ms)
				ProcessInitializeOnLoadAttributes (258ms)
				ProcessInitializeOnLoadMethodAttributes (11ms)
				AfterProcessingInitializeOnLoad (8ms)
				EditorAssembliesLoaded (1ms)
			ExecutionOrderSort2 (0ms)
			AwakeInstancesAfterBackupRestoration (12ms)
Platform modules already initialized, skipping
Switching build target platform(19) subTarget(0) extendedPlatform(0) -> platform(13) subTarget(589824) extendedPlatform(0)
Refreshing native plugins compatible for Editor in 0.71 ms, found 2 plugins.
Preloading 0 native plugins for Editor in 0.00 ms.
Unloading 1595 Unused Serialized files (Serialized files now loaded: 0)
System memory in use before: 150.1 MB.
System memory in use after: 150.2 MB.

Unloading 11 unused Assets to reduce memory usage. Loaded Objects now: 2131.
Total: 5.287600 ms (FindLiveObjects: 0.346200 ms CreateObjectMapping: 0.074600 ms MarkObjects: 4.833100 ms  DeleteObjects: 0.032000 ms)

AssetImportParameters requested are different than current active one (requested -> active):
  custom:framework-win-MediaFoundation: 216162199b28c13a410421893ffa2e32 -> 
  custom:video-decoder-ogg-theora: a1e56fd34408186e4bbccfd4996cb3dc -> 
  custom:container-muxer-webm: aa71ff27fc2769a1b78a27578f13a17b -> 
  custom:container-demuxer-webm: 4f35f7cbe854078d1ac9338744f61a02 -> 
  custom:container-demuxer-ogg: 62fdf1f143b41e24485cea50d1cbac27 -> 
  custom:video-encoder-webm-vp8: eb34c28f22e8b96e1ab97ce403110664 -> 
  custom:video-decoder-webm-vp8: 9c59270c3fd7afecdb556c50c9e8de78 -> 
  custom:graphics/normal-map-encoding: 01000000000000000000000000000000 -> 02000000000000000000000000000000
  custom:audio-decoder-ogg-vorbis: bf7c407c2cedff20999df2af8eb42d56 -> 
  custom:audio-encoder-webm-vorbis: bf7c407c2cedff20999df2af8eb42d56 -> 
========================================================================
Received Import Request.
  Time since last request: 364.824775 seconds.
  path: Assets/EffectExamples/Water Effects/Materials/Splash.mat
  artifactKey: Guid(0491051b82b09be4eaa3b2224971acc7) Importer(815301076,1909f56bfc062723c751e8b465ee728b)
Start importing Assets/EffectExamples/Water Effects/Materials/Splash.mat using Guid(0491051b82b09be4eaa3b2224971acc7) Importer(815301076,1909f56bfc062723c751e8b465ee728b)  -> (artifact id: '0e02136d2cbaec766071d2aaa7b67226') in 2.471162 seconds 
  Import took 2.474833 seconds .

========================================================================
Received Prepare
Registering precompiled user dll's ...
Registered in 0.002253 seconds.
Begin MonoManager ReloadAssembly
Native extension for WindowsStandalone target not found
Native extension for WebGL target not found
Refreshing native plugins compatible for Editor in 0.71 ms, found 2 plugins.
Preloading 0 native plugins for Editor in 0.00 ms.
Mono: successfully reloaded assembly
- Completed reload, in  2.157 seconds
Domain Reload Profiling:
	ReloadAssembly (2158ms)
		BeginReloadAssembly (151ms)
			ExecutionOrderSort (0ms)
			DisableScriptedObjects (7ms)
			BackupInstance (0ms)
			ReleaseScriptingObjects (0ms)
			CreateAndSetChildDomain (45ms)
		EndReloadAssembly (1927ms)
			LoadAssemblies (121ms)
			RebuildTransferFunctionScriptingTraits (0ms)
			SetupTypeCache (646ms)
			ReleaseScriptCaches (2ms)
			RebuildScriptCaches (119ms)
			SetupLoadedEditorAssemblies (431ms)
				LogAssemblyErrors (0ms)
				InitializePlatformSupportModulesInManaged (10ms)
				SetLoadedEditorAssemblies (1ms)
				RefreshPlugins (1ms)
				BeforeProcessingInitializeOnLoad (100ms)
				ProcessInitializeOnLoadAttributes (302ms)
				ProcessInitializeOnLoadMethodAttributes (10ms)
				AfterProcessingInitializeOnLoad (7ms)
				EditorAssembliesLoaded (0ms)
			ExecutionOrderSort2 (0ms)
			AwakeInstancesAfterBackupRestoration (10ms)
Platform modules already initialized, skipping
Switching build target platform(19) subTarget(0) extendedPlatform(0) -> platform(13) subTarget(589824) extendedPlatform(0)
Refreshing native plugins compatible for Editor in 0.74 ms, found 2 plugins.
Preloading 0 native plugins for Editor in 0.00 ms.
Unloading 1595 Unused Serialized files (Serialized files now loaded: 0)
System memory in use before: 150.1 MB.
System memory in use after: 150.2 MB.

Unloading 11 unused Assets to reduce memory usage. Loaded Objects now: 2134.
Total: 5.868000 ms (FindLiveObjects: 0.345500 ms CreateObjectMapping: 0.080600 ms MarkObjects: 5.406800 ms  DeleteObjects: 0.032800 ms)

AssetImportParameters requested are different than current active one (requested -> active):
  custom:framework-win-MediaFoundation: 216162199b28c13a410421893ffa2e32 -> 
  custom:video-decoder-ogg-theora: a1e56fd34408186e4bbccfd4996cb3dc -> 
  custom:container-muxer-webm: aa71ff27fc2769a1b78a27578f13a17b -> 
  custom:container-demuxer-webm: 4f35f7cbe854078d1ac9338744f61a02 -> 
  custom:container-demuxer-ogg: 62fdf1f143b41e24485cea50d1cbac27 -> 
  custom:video-encoder-webm-vp8: eb34c28f22e8b96e1ab97ce403110664 -> 
  custom:video-decoder-webm-vp8: 9c59270c3fd7afecdb556c50c9e8de78 -> 
  custom:graphics/normal-map-encoding: 01000000000000000000000000000000 -> 02000000000000000000000000000000
  custom:audio-decoder-ogg-vorbis: bf7c407c2cedff20999df2af8eb42d56 -> 
  custom:audio-encoder-webm-vorbis: bf7c407c2cedff20999df2af8eb42d56 -> 
========================================================================
Received Prepare
Refreshing native plugins compatible for Editor in 2.61 ms, found 2 plugins.
Preloading 0 native plugins for Editor in 0.00 ms.
Unloading 9 Unused Serialized files (Serialized files now loaded: 0)
System memory in use before: 118.8 MB.
System memory in use after: 118.9 MB.

Unloading 9 unused Assets to reduce memory usage. Loaded Objects now: 2134.
Total: 3.500400 ms (FindLiveObjects: 0.219100 ms CreateObjectMapping: 0.043500 ms MarkObjects: 3.213800 ms  DeleteObjects: 0.023000 ms)

AssetImportParameters requested are different than current active one (requested -> active):
  custom:framework-win-MediaFoundation: 216162199b28c13a410421893ffa2e32 -> 
  custom:video-decoder-ogg-theora: a1e56fd34408186e4bbccfd4996cb3dc -> 
  custom:container-muxer-webm: aa71ff27fc2769a1b78a27578f13a17b -> 
  custom:container-demuxer-webm: 4f35f7cbe854078d1ac9338744f61a02 -> 
  custom:container-demuxer-ogg: 62fdf1f143b41e24485cea50d1cbac27 -> 
  custom:video-encoder-webm-vp8: eb34c28f22e8b96e1ab97ce403110664 -> 
  custom:video-decoder-webm-vp8: 9c59270c3fd7afecdb556c50c9e8de78 -> 
  custom:audio-decoder-ogg-vorbis: bf7c407c2cedff20999df2af8eb42d56 -> 
  custom:audio-encoder-webm-vorbis: bf7c407c2cedff20999df2af8eb42d56 -> 
AssetImportWorkerClient::OnTransportError - code=2 error=End of file
